<?xml version="1.0" encoding="UTF-8"?>
<testng-results ignored="0" total="1" passed="0" failed="1" skipped="0">
  <reporter-output>
  </reporter-output>
  <suite started-at="2025-10-15T17:20:22 IST" name="Default suite" finished-at="2025-10-15T17:20:27 IST" duration-ms="4574">
    <groups>
      <group name="integration">
        <method signature="ChildrenAndTeensTest.integrationBetweenChildAndTeensLinkAndProductListingPage()[pri:0, instance:com.client.BookShop_KK.Module.ChildrenAndTeens.ChildrenAndTeensTest@c730b35]" name="integrationBetweenChildAndTeensLinkAndProductListingPage" class="com.client.BookShop_KK.Module.ChildrenAndTeens.ChildrenAndTeensTest"/>
      </group> <!-- integration -->
    </groups>
    <test started-at="2025-10-15T17:20:22 IST" name="Default test" finished-at="2025-10-15T17:20:27 IST" duration-ms="4574">
      <class name="com.client.BookShop_KK.Module.ChildrenAndTeens.ChildrenAndTeensTest">
        <test-method is-config="true" signature="beforeSuitConfigMethod()[pri:0, instance:com.client.BookShop_KK.Module.ChildrenAndTeens.ChildrenAndTeensTest@c730b35]" started-at="2025-10-15T17:20:22 IST" name="beforeSuitConfigMethod" finished-at="2025-10-15T17:20:22 IST" duration-ms="11" status="PASS">
          <reporter-output>
          </reporter-output>
        </test-method> <!-- beforeSuitConfigMethod -->
        <test-method is-config="true" signature="beforeClassConfigMethod(org.testng.xml.XmlTest)[pri:0, instance:com.client.BookShop_KK.Module.ChildrenAndTeens.ChildrenAndTeensTest@c730b35]" started-at="2025-10-15T17:20:22 IST" name="beforeClassConfigMethod" finished-at="2025-10-15T17:20:25 IST" duration-ms="2645" status="PASS">
          <params>
            <param index="0">
              <value>
                <![CDATA[org.testng.xml.XmlTest@9ac9ab4b]]>
              </value>
            </param>
          </params>
          <reporter-output>
          </reporter-output>
        </test-method> <!-- beforeClassConfigMethod -->
        <test-method is-config="true" signature="beforeMethodConfigMethod()[pri:0, instance:com.client.BookShop_KK.Module.ChildrenAndTeens.ChildrenAndTeensTest@c730b35]" started-at="2025-10-15T17:20:25 IST" name="beforeMethodConfigMethod" finished-at="2025-10-15T17:20:26 IST" duration-ms="699" status="PASS">
          <reporter-output>
          </reporter-output>
        </test-method> <!-- beforeMethodConfigMethod -->
        <test-method signature="integrationBetweenChildAndTeensLinkAndProductListingPage()[pri:0, instance:com.client.BookShop_KK.Module.ChildrenAndTeens.ChildrenAndTeensTest@c730b35]" started-at="2025-10-15T17:20:26 IST" name="integrationBetweenChildAndTeensLinkAndProductListingPage" finished-at="2025-10-15T17:20:26 IST" duration-ms="565" status="FAIL">
          <exception class="java.lang.AssertionError">
            <message>
              <![CDATA[expected [true] but found [false]]]>
            </message>
            <full-stacktrace>
              <![CDATA[java.lang.AssertionError: expected [true] but found [false]
at org.testng.Assert.fail(Assert.java:111)
at org.testng.Assert.failNotEquals(Assert.java:1578)
at org.testng.Assert.assertTrue(Assert.java:57)
at org.testng.Assert.assertTrue(Assert.java:67)
at com.client.BookShop_KK.Module.ChildrenAndTeens.ChildrenAndTeensTest.integrationBetweenChildAndTeensLinkAndProductListingPage(ChildrenAndTeensTest.java:21)
at java.base/jdk.internal.reflect.DirectMethodHandleAccessor.invoke(DirectMethodHandleAccessor.java:103)
at java.base/java.lang.reflect.Method.invoke(Method.java:580)
at org.testng.internal.invokers.MethodInvocationHelper.invokeMethod(MethodInvocationHelper.java:141)
at org.testng.internal.invokers.TestInvoker.invokeMethod(TestInvoker.java:686)
at org.testng.internal.invokers.TestInvoker.invokeTestMethod(TestInvoker.java:230)
at org.testng.internal.invokers.MethodRunner.runInSequence(MethodRunner.java:63)
at org.testng.internal.invokers.TestInvoker$MethodInvocationAgent.invoke(TestInvoker.java:992)
at org.testng.internal.invokers.TestInvoker.invokeTestMethods(TestInvoker.java:203)
at org.testng.internal.invokers.TestMethodWorker.invokeTestMethods(TestMethodWorker.java:154)
at org.testng.internal.invokers.TestMethodWorker.run(TestMethodWorker.java:134)
at java.base/java.util.ArrayList.forEach(ArrayList.java:1596)
at org.testng.TestRunner.privateRun(TestRunner.java:739)
at org.testng.TestRunner.run(TestRunner.java:614)
at org.testng.SuiteRunner.runTest(SuiteRunner.java:421)
at org.testng.SuiteRunner.runSequentially(SuiteRunner.java:413)
at org.testng.SuiteRunner.privateRun(SuiteRunner.java:373)
at org.testng.SuiteRunner.run(SuiteRunner.java:312)
at org.testng.SuiteRunnerWorker.runSuite(SuiteRunnerWorker.java:52)
at org.testng.SuiteRunnerWorker.run(SuiteRunnerWorker.java:95)
at org.testng.TestNG.runSuitesSequentially(TestNG.java:1274)
at org.testng.TestNG.runSuitesLocally(TestNG.java:1208)
at org.testng.TestNG.runSuites(TestNG.java:1112)
at org.testng.TestNG.run(TestNG.java:1079)
at org.testng.remote.AbstractRemoteTestNG.run(AbstractRemoteTestNG.java:115)
at org.testng.remote.RemoteTestNG.initAndRun(RemoteTestNG.java:293)
at org.testng.remote.RemoteTestNG.main(RemoteTestNG.java:91)
]]>
            </full-stacktrace>
          </exception> <!-- java.lang.AssertionError -->
          <reporter-output>
          </reporter-output>
        </test-method> <!-- integrationBetweenChildAndTeensLinkAndProductListingPage -->
        <test-method is-config="true" signature="afterMethodConfigMethod()[pri:0, instance:com.client.BookShop_KK.Module.ChildrenAndTeens.ChildrenAndTeensTest@c730b35]" started-at="2025-10-15T17:20:26 IST" name="afterMethodConfigMethod" finished-at="2025-10-15T17:20:26 IST" duration-ms="281" status="PASS">
          <reporter-output>
          </reporter-output>
        </test-method> <!-- afterMethodConfigMethod -->
        <test-method is-config="true" signature="afterClassConfigMethod()[pri:0, instance:com.client.BookShop_KK.Module.ChildrenAndTeens.ChildrenAndTeensTest@c730b35]" started-at="2025-10-15T17:20:26 IST" name="afterClassConfigMethod" finished-at="2025-10-15T17:20:27 IST" duration-ms="314" status="PASS">
          <reporter-output>
          </reporter-output>
        </test-method> <!-- afterClassConfigMethod -->
        <test-method is-config="true" signature="afterSuiteConfigMethod()[pri:0, instance:com.client.BookShop_KK.Module.ChildrenAndTeens.ChildrenAndTeensTest@c730b35]" started-at="2025-10-15T17:20:27 IST" name="afterSuiteConfigMethod" finished-at="2025-10-15T17:20:27 IST" duration-ms="1" status="PASS">
          <reporter-output>
          </reporter-output>
        </test-method> <!-- afterSuiteConfigMethod -->
      </class> <!-- com.client.BookShop_KK.Module.ChildrenAndTeens.ChildrenAndTeensTest -->
    </test> <!-- Default test -->
  </suite> <!-- Default suite -->
</testng-results>
